<?xml version="1.0" encoding="UTF-8"?>
<!-- Generated by org.testng.reporters.JUnitXMLReporter -->
<testsuite ignored="0" hostname="ASH" failures="0" tests="3" name="Test" time="36.941" errors="0" timestamp="2024-07-30T23:10:39 IST">
  <testcase classname="testClasses.WorkerPageTestClass" name="verifyANewWorkerisCreated" time="9.331"/>
  <testcase classname="testClasses.WorkerPageTestClass" name="verifyExistingWorkerIsDeleted" time="7.019"/>
  <testcase classname="testClasses.WorkerPageTestClass" name="verifyExistingWorkerIsViewed" time="6.358"/>
</testsuite> <!-- Test -->
