<?xml version="1.0" encoding="UTF-8"?>
<!-- Generated by org.testng.reporters.JUnitXMLReporter -->
<testsuite ignored="0" hostname="ASH" failures="0" tests="3" name="ChromeTest" time="50.398" errors="0" timestamp="2024-07-30T21:19:03 IST">
  <testcase classname="testClasses.WorkerPageTestClass" name="verifyANewWorkerisCreated" time="11.857"/>
  <testcase classname="testClasses.WorkerPageTestClass" name="verifyExistingWorkerIsDeleted" time="8.412"/>
  <testcase classname="testClasses.WorkerPageTestClass" name="verifyExistingWorkerIsViewed" time="6.918"/>
</testsuite> <!-- ChromeTest -->
