<?xml version="1.0" encoding="UTF-8"?>
<!-- Generated by org.testng.reporters.JUnitXMLReporter -->
<testsuite ignored="0" hostname="ASH" failures="0" tests="4" name="ChromeTest" time="69.335" errors="0" timestamp="2024-07-31T22:15:15 IST">
  <testcase classname="testClasses.DeductionPageTestClass" name="verifyExistingDeductionIsUpdated" time="9.221"/>
  <testcase classname="testClasses.DeductionPageTestClass" name="verifyNewDeductionIsAdded" time="14.311"/>
  <testcase classname="testClasses.ClientPageTestClass" name="verifyANewClientisCreated" time="10.532"/>
  <testcase classname="testClasses.ClientPageTestClass" name="verifySearchingAnExistingClient" time="6.437"/>
</testsuite> <!-- ChromeTest -->
