<?xml version="1.0" encoding="UTF-8"?>
<!-- Generated by org.testng.reporters.JUnitXMLReporter -->
<testsuite ignored="0" hostname="ASH" failures="0" tests="4" name="EdgeTest" time="85.545" errors="0" timestamp="2024-07-31T22:16:40 IST">
  <testcase classname="testClasses.DeductionPageTestClass" name="verifyExistingDeductionIsUpdated" time="16.838"/>
  <testcase classname="testClasses.DeductionPageTestClass" name="verifyNewDeductionIsAdded" time="8.41"/>
  <testcase classname="testClasses.ClientPageTestClass" name="verifyANewClientisCreated" time="7.884"/>
  <testcase classname="testClasses.ClientPageTestClass" name="verifySearchingAnExistingClient" time="5.626"/>
</testsuite> <!-- EdgeTest -->
