<?xml version="1.0" encoding="UTF-8"?>
<!-- Generated by org.testng.reporters.JUnitXMLReporter -->
<testsuite ignored="9" hostname="ASH" failures="0" tests="0" time="0.013" errors="0" timestamp="2024-08-01T15:40:43 IST">
  <testcase classname="testClasses.BaseClass" name="@BeforeSuite createReport" time="0.0">
    <ignored/>
  </testcase> <!-- @BeforeSuite createReport -->
  <testcase classname="testClasses.WorkerPageTestClass" name="verifyExistingWorkerIsDeleted" time="0.0">
    <ignored/>
  </testcase> <!-- verifyExistingWorkerIsDeleted -->
  <testcase classname="testClasses.ClientPageTestClass" name="verifySearchingAnExistingClient" time="0.0">
    <ignored/>
  </testcase> <!-- verifySearchingAnExistingClient -->
  <testcase classname="testClasses.BaseClass" name="@BeforeSuite createReport" time="0.0">
    <ignored/>
  </testcase> <!-- @BeforeSuite createReport -->
  <testcase classname="testClasses.WorkerPageTestClass" name="verifyANewWorkerisCreated" time="0.0">
    <ignored/>
  </testcase> <!-- verifyANewWorkerisCreated -->
  <testcase classname="testClasses.ClientPageTestClass" name="verifyANewClientisCreated" time="0.0">
    <ignored/>
  </testcase> <!-- verifyANewClientisCreated -->
  <testcase classname="testClasses.DeductionPageTestClass" name="verifyNewDeductionIsAdded" time="0.0">
    <ignored/>
  </testcase> <!-- verifyNewDeductionIsAdded -->
  <testcase classname="testClasses.DeductionPageTestClass" name="verifyExistingDeductionIsUpdated" time="0.0">
    <ignored/>
  </testcase> <!-- verifyExistingDeductionIsUpdated -->
  <testcase classname="testClasses.WorkerPageTestClass" name="verifyExistingWorkerIsViewed" time="0.0">
    <ignored/>
  </testcase> <!-- verifyExistingWorkerIsViewed -->
</testsuite>
