<?xml version="1.0" encoding="UTF-8"?>
<!-- Generated by org.testng.reporters.JUnitXMLReporter -->
<testsuite ignored="2" hostname="ASH" failures="0" tests="5" name="GroupTest" time="88.689" errors="0" timestamp="2024-07-31T08:53:28 IST">
  <testcase classname="testClasses.DeductionPageTestClass" name="verifyNewDeductionIsAdded" time="20.033"/>
  <testcase classname="testClasses.WorkerPageTestClass" name="verifyANewWorkerisCreated" time="9.059"/>
  <testcase classname="testClasses.WorkerPageTestClass" name="verifyExistingWorkerIsViewed" time="6.63"/>
  <testcase classname="testClasses.ClientPageTestClass" name="verifyANewClientisCreated" time="7.588"/>
  <testcase classname="testClasses.ClientPageTestClass" name="verifySearchingAnExistingClient" time="10.426"/>
  <testcase classname="testClasses.DeductionPageTestClass" name="verifyExistingDeductionIsUpdated" time="0.0">
    <ignored/>
  </testcase> <!-- verifyExistingDeductionIsUpdated -->
  <testcase classname="testClasses.WorkerPageTestClass" name="verifyExistingWorkerIsDeleted" time="0.0">
    <ignored/>
  </testcase> <!-- verifyExistingWorkerIsDeleted -->
</testsuite> <!-- GroupTest -->
