<?xml version="1.0" encoding="UTF-8"?>
<!-- Generated by org.testng.reporters.JUnitXMLReporter -->
<testsuite ignored="0" hostname="ASH" failures="1" tests="5" name="Test" time="55.395" errors="0" timestamp="2024-08-01T12:10:24 IST">
  <testcase classname="testClasses.LoginPageTestClass" name="verifyCorrectURLIsHit" time="0.853">
    <failure type="java.lang.AssertionError" message="expected [carol] but found [Login]">
      <![CDATA[java.lang.AssertionError: expected [carol] but found [Login]
at testClasses.LoginPageTestClass.verifyCorrectURLIsHit(LoginPageTestClass.java:22)
at java.base/java.util.ArrayList.forEach(ArrayList.java:1511)
... Removed 33 stack frames]]>
    </failure>
  </testcase> <!-- verifyCorrectURLIsHit -->
  <testcase classname="testClasses.LoginPageTestClass" name="verifySucessfulLogin" time="0.534"/>
  <testcase classname="testClasses.LoginPageTestClass" name="verifyUnsucessfulLogin" time="4.64"/>
  <testcase classname="testClasses.LoginPageTestClass" name="verifyUnsucessfulLogin" time="1.057"/>
  <testcase classname="testClasses.LoginPageTestClass" name="verifyUnsucessfulLogin" time="1.08"/>
</testsuite> <!-- Test -->
