<?xml version="1.0" encoding="UTF-8"?>
<!-- Generated by org.testng.reporters.JUnitXMLReporter -->
<testsuite ignored="0" hostname="ASH" failures="0" tests="3" name="Test2" time="40.628" errors="0" timestamp="2024-07-31T22:19:52 IST">
  <testcase classname="testClasses.HomePageTestClass" name="verifyUserNameIsDisplayed" time="2.497"/>
  <testcase classname="testClasses.HomePageTestClass" name="verifyAllTilesInHomePageIsDisplayed" time="0.48"/>
  <testcase classname="testClasses.HomePageTestClass" name="verifyLogoIsDisplayed" time="3.134"/>
</testsuite> <!-- Test2 -->
