<?xml version="1.0" encoding="UTF-8"?>
<!-- Generated by org.testng.reporters.JUnitXMLReporter -->
<testsuite ignored="0" hostname="ASH" failures="0" tests="5" name="Test1" time="62.875" errors="0" timestamp="2024-07-31T22:20:14 IST">
  <testcase classname="testClasses.LoginPageTestClass" name="verifyCorrectURLIsHit" time="1.26"/>
  <testcase classname="testClasses.LoginPageTestClass" name="verifySucessfulLogin" time="1.138"/>
  <testcase classname="testClasses.LoginPageTestClass" name="verifyUnsucessfulLogin" time="1.737"/>
  <testcase classname="testClasses.LoginPageTestClass" name="verifyUnsucessfulLogin" time="1.18"/>
  <testcase classname="testClasses.LoginPageTestClass" name="verifyUnsucessfulLogin" time="1.102"/>
</testsuite> <!-- Test1 -->
