<?xml version="1.0" encoding="UTF-8"?>
<testng-results ignored="0" total="8" passed="8" failed="0" skipped="0">
  <reporter-output>
  </reporter-output>
  <suite started-at="2024-07-31T22:19:12 IST" name="ParallelTestingSuite" finished-at="2024-07-31T22:20:14 IST" duration-ms="62875">
    <groups>
    </groups>
    <test started-at="2024-07-31T22:19:12 IST" name="Test2" finished-at="2024-07-31T22:19:52 IST" duration-ms="40628">
      <class name="testClasses.HomePageTestClass">
        <test-method is-config="true" signature="beforeMethod(java.lang.String)[pri:0, instance:testClasses.HomePageTestClass@79079097]" started-at="2024-07-31T22:19:12 IST" name="beforeMethod" finished-at="2024-07-31T22:19:20 IST" duration-ms="8380" status="PASS">
          <params>
            <param index="0">
              <value>
                <![CDATA[Edge]]>
              </value>
            </param>
          </params>
          <reporter-output>
          </reporter-output>
        </test-method> <!-- beforeMethod -->
        <test-method signature="verifyUserNameIsDisplayed()[pri:0, instance:testClasses.HomePageTestClass@79079097]" started-at="2024-07-31T22:19:20 IST" name="verifyUserNameIsDisplayed" finished-at="2024-07-31T22:19:23 IST" duration-ms="2497" status="PASS">
          <reporter-output>
          </reporter-output>
        </test-method> <!-- verifyUserNameIsDisplayed -->
        <test-method is-config="true" signature="afterMethod(org.testng.ITestResult)[pri:0, instance:testClasses.HomePageTestClass@79079097]" started-at="2024-07-31T22:19:23 IST" name="afterMethod" finished-at="2024-07-31T22:19:23 IST" duration-ms="1" status="PASS">
          <params>
            <param index="0">
              <value>
                <![CDATA[[TestResult name=verifyUserNameIsDisplayed status=SUCCESS method=HomePageTestClass.verifyUserNameIsDisplayed()[pri:0, instance:testClasses.HomePageTestClass@79079097] output={null}]]]>
              </value>
            </param>
          </params>
          <reporter-output>
          </reporter-output>
        </test-method> <!-- afterMethod -->
        <test-method is-config="true" signature="beforeMethod(java.lang.String)[pri:0, instance:testClasses.HomePageTestClass@79079097]" started-at="2024-07-31T22:19:23 IST" name="beforeMethod" finished-at="2024-07-31T22:19:40 IST" duration-ms="17596" status="PASS">
          <params>
            <param index="0">
              <value>
                <![CDATA[Edge]]>
              </value>
            </param>
          </params>
          <reporter-output>
          </reporter-output>
        </test-method> <!-- beforeMethod -->
        <test-method signature="verifyAllTilesInHomePageIsDisplayed()[pri:1, instance:testClasses.HomePageTestClass@79079097]" started-at="2024-07-31T22:19:40 IST" name="verifyAllTilesInHomePageIsDisplayed" finished-at="2024-07-31T22:19:41 IST" duration-ms="480" status="PASS">
          <reporter-output>
          </reporter-output>
        </test-method> <!-- verifyAllTilesInHomePageIsDisplayed -->
        <test-method is-config="true" signature="afterMethod(org.testng.ITestResult)[pri:0, instance:testClasses.HomePageTestClass@79079097]" started-at="2024-07-31T22:19:41 IST" name="afterMethod" finished-at="2024-07-31T22:19:41 IST" duration-ms="0" status="PASS">
          <params>
            <param index="0">
              <value>
                <![CDATA[[TestResult name=verifyAllTilesInHomePageIsDisplayed status=SUCCESS method=HomePageTestClass.verifyAllTilesInHomePageIsDisplayed()[pri:1, instance:testClasses.HomePageTestClass@79079097] output={null}]]]>
              </value>
            </param>
          </params>
          <reporter-output>
          </reporter-output>
        </test-method> <!-- afterMethod -->
        <test-method is-config="true" signature="beforeMethod(java.lang.String)[pri:0, instance:testClasses.HomePageTestClass@79079097]" started-at="2024-07-31T22:19:41 IST" name="beforeMethod" finished-at="2024-07-31T22:19:49 IST" duration-ms="8490" status="PASS">
          <params>
            <param index="0">
              <value>
                <![CDATA[Edge]]>
              </value>
            </param>
          </params>
          <reporter-output>
          </reporter-output>
        </test-method> <!-- beforeMethod -->
        <test-method signature="verifyLogoIsDisplayed()[pri:2, instance:testClasses.HomePageTestClass@79079097]" started-at="2024-07-31T22:19:49 IST" name="verifyLogoIsDisplayed" finished-at="2024-07-31T22:19:52 IST" duration-ms="3134" status="PASS">
          <reporter-output>
          </reporter-output>
        </test-method> <!-- verifyLogoIsDisplayed -->
        <test-method is-config="true" signature="afterMethod(org.testng.ITestResult)[pri:0, instance:testClasses.HomePageTestClass@79079097]" started-at="2024-07-31T22:19:52 IST" name="afterMethod" finished-at="2024-07-31T22:19:52 IST" duration-ms="0" status="PASS">
          <params>
            <param index="0">
              <value>
                <![CDATA[[TestResult name=verifyLogoIsDisplayed status=SUCCESS method=HomePageTestClass.verifyLogoIsDisplayed()[pri:2, instance:testClasses.HomePageTestClass@79079097] output={null}]]]>
              </value>
            </param>
          </params>
          <reporter-output>
          </reporter-output>
        </test-method> <!-- afterMethod -->
      </class> <!-- testClasses.HomePageTestClass -->
    </test> <!-- Test2 -->
    <test started-at="2024-07-31T22:19:12 IST" name="Test1" finished-at="2024-07-31T22:20:14 IST" duration-ms="62875">
      <class name="testClasses.LoginPageTestClass">
        <test-method is-config="true" signature="beforeMethod(java.lang.String)[pri:0, instance:testClasses.LoginPageTestClass@55141def]" started-at="2024-07-31T22:19:12 IST" name="beforeMethod" finished-at="2024-07-31T22:19:19 IST" duration-ms="7149" status="PASS">
          <params>
            <param index="0">
              <value>
                <![CDATA[Chrome]]>
              </value>
            </param>
          </params>
          <reporter-output>
          </reporter-output>
        </test-method> <!-- beforeMethod -->
        <test-method signature="verifyCorrectURLIsHit()[pri:0, instance:testClasses.LoginPageTestClass@55141def]" started-at="2024-07-31T22:19:19 IST" name="verifyCorrectURLIsHit" finished-at="2024-07-31T22:19:20 IST" duration-ms="1260" status="PASS">
          <reporter-output>
          </reporter-output>
        </test-method> <!-- verifyCorrectURLIsHit -->
        <test-method is-config="true" signature="afterMethod(org.testng.ITestResult)[pri:0, instance:testClasses.LoginPageTestClass@55141def]" started-at="2024-07-31T22:19:20 IST" name="afterMethod" finished-at="2024-07-31T22:19:20 IST" duration-ms="3" status="PASS">
          <params>
            <param index="0">
              <value>
                <![CDATA[[TestResult name=verifyCorrectURLIsHit status=SUCCESS method=LoginPageTestClass.verifyCorrectURLIsHit()[pri:0, instance:testClasses.LoginPageTestClass@55141def] output={null}]]]>
              </value>
            </param>
          </params>
          <reporter-output>
          </reporter-output>
        </test-method> <!-- afterMethod -->
        <test-method is-config="true" signature="beforeMethod(java.lang.String)[pri:0, instance:testClasses.LoginPageTestClass@55141def]" started-at="2024-07-31T22:19:20 IST" name="beforeMethod" finished-at="2024-07-31T22:19:28 IST" duration-ms="7914" status="PASS">
          <params>
            <param index="0">
              <value>
                <![CDATA[Chrome]]>
              </value>
            </param>
          </params>
          <reporter-output>
          </reporter-output>
        </test-method> <!-- beforeMethod -->
        <test-method signature="verifySucessfulLogin()[pri:0, instance:testClasses.LoginPageTestClass@55141def]" started-at="2024-07-31T22:19:28 IST" name="verifySucessfulLogin" finished-at="2024-07-31T22:19:29 IST" duration-ms="1138" status="PASS">
          <reporter-output>
          </reporter-output>
        </test-method> <!-- verifySucessfulLogin -->
        <test-method is-config="true" signature="afterMethod(org.testng.ITestResult)[pri:0, instance:testClasses.LoginPageTestClass@55141def]" started-at="2024-07-31T22:19:29 IST" name="afterMethod" finished-at="2024-07-31T22:19:29 IST" duration-ms="1" status="PASS">
          <params>
            <param index="0">
              <value>
                <![CDATA[[TestResult name=verifySucessfulLogin status=SUCCESS method=LoginPageTestClass.verifySucessfulLogin()[pri:0, instance:testClasses.LoginPageTestClass@55141def] output={null}]]]>
              </value>
            </param>
          </params>
          <reporter-output>
          </reporter-output>
        </test-method> <!-- afterMethod -->
        <test-method is-config="true" signature="beforeMethod(java.lang.String)[pri:0, instance:testClasses.LoginPageTestClass@55141def]" started-at="2024-07-31T22:19:30 IST" name="beforeMethod" finished-at="2024-07-31T22:19:50 IST" duration-ms="20332" status="PASS">
          <params>
            <param index="0">
              <value>
                <![CDATA[Chrome]]>
              </value>
            </param>
          </params>
          <reporter-output>
          </reporter-output>
        </test-method> <!-- beforeMethod -->
        <test-method signature="verifyUnsucessfulLogin(java.lang.String,java.lang.String)[pri:0, instance:testClasses.LoginPageTestClass@55141def]" started-at="2024-07-31T22:19:50 IST" name="verifyUnsucessfulLogin" data-provider="UnsuccessfulLogin" finished-at="2024-07-31T22:19:52 IST" duration-ms="1737" status="PASS">
          <params>
            <param index="0">
              <value>
                <![CDATA[carol]]>
              </value>
            </param>
            <param index="1">
              <value>
                <![CDATA[admin123]]>
              </value>
            </param>
          </params>
          <reporter-output>
          </reporter-output>
        </test-method> <!-- verifyUnsucessfulLogin -->
        <test-method is-config="true" signature="beforeMethod(java.lang.String)[pri:0, instance:testClasses.LoginPageTestClass@55141def]" started-at="2024-07-31T22:19:52 IST" name="beforeMethod" finished-at="2024-07-31T22:20:00 IST" duration-ms="8118" status="PASS">
          <params>
            <param index="0">
              <value>
                <![CDATA[Chrome]]>
              </value>
            </param>
          </params>
          <reporter-output>
          </reporter-output>
        </test-method> <!-- beforeMethod -->
        <test-method is-config="true" signature="afterMethod(org.testng.ITestResult)[pri:0, instance:testClasses.LoginPageTestClass@55141def]" started-at="2024-07-31T22:19:52 IST" name="afterMethod" finished-at="2024-07-31T22:19:52 IST" duration-ms="0" status="PASS">
          <params>
            <param index="0">
              <value>
                <![CDATA[[TestResult name=verifyUnsucessfulLogin status=SUCCESS method=LoginPageTestClass.verifyUnsucessfulLogin(java.lang.String,java.lang.String)[pri:0, instance:testClasses.LoginPageTestClass@55141def] output={null}]]]>
              </value>
            </param>
          </params>
          <reporter-output>
          </reporter-output>
        </test-method> <!-- afterMethod -->
        <test-method signature="verifyUnsucessfulLogin(java.lang.String,java.lang.String)[pri:0, instance:testClasses.LoginPageTestClass@55141def]" started-at="2024-07-31T22:20:00 IST" name="verifyUnsucessfulLogin" data-provider="UnsuccessfulLogin" finished-at="2024-07-31T22:20:01 IST" duration-ms="1180" status="PASS">
          <params>
            <param index="0">
              <value>
                <![CDATA[1q2w3e4r]]>
              </value>
            </param>
            <param index="1">
              <value>
                <![CDATA[1q2w3e4r]]>
              </value>
            </param>
          </params>
          <reporter-output>
          </reporter-output>
        </test-method> <!-- verifyUnsucessfulLogin -->
        <test-method is-config="true" signature="afterMethod(org.testng.ITestResult)[pri:0, instance:testClasses.LoginPageTestClass@55141def]" started-at="2024-07-31T22:20:01 IST" name="afterMethod" finished-at="2024-07-31T22:20:01 IST" duration-ms="0" status="PASS">
          <params>
            <param index="0">
              <value>
                <![CDATA[[TestResult name=verifyUnsucessfulLogin status=SUCCESS method=LoginPageTestClass.verifyUnsucessfulLogin(java.lang.String,java.lang.String)[pri:0, instance:testClasses.LoginPageTestClass@55141def] output={null}]]]>
              </value>
            </param>
          </params>
          <reporter-output>
          </reporter-output>
        </test-method> <!-- afterMethod -->
        <test-method is-config="true" signature="beforeMethod(java.lang.String)[pri:0, instance:testClasses.LoginPageTestClass@55141def]" started-at="2024-07-31T22:20:01 IST" name="beforeMethod" finished-at="2024-07-31T22:20:13 IST" duration-ms="12476" status="PASS">
          <params>
            <param index="0">
              <value>
                <![CDATA[Chrome]]>
              </value>
            </param>
          </params>
          <reporter-output>
          </reporter-output>
        </test-method> <!-- beforeMethod -->
        <test-method signature="verifyUnsucessfulLogin(java.lang.String,java.lang.String)[pri:0, instance:testClasses.LoginPageTestClass@55141def]" started-at="2024-07-31T22:20:13 IST" name="verifyUnsucessfulLogin" data-provider="UnsuccessfulLogin" finished-at="2024-07-31T22:20:14 IST" duration-ms="1102" status="PASS">
          <params>
            <param index="0">
              <value>
                <![CDATA[admin]]>
              </value>
            </param>
            <param index="1">
              <value>
                <![CDATA[admin123]]>
              </value>
            </param>
          </params>
          <reporter-output>
          </reporter-output>
        </test-method> <!-- verifyUnsucessfulLogin -->
        <test-method is-config="true" signature="afterMethod(org.testng.ITestResult)[pri:0, instance:testClasses.LoginPageTestClass@55141def]" started-at="2024-07-31T22:20:14 IST" name="afterMethod" finished-at="2024-07-31T22:20:14 IST" duration-ms="1" status="PASS">
          <params>
            <param index="0">
              <value>
                <![CDATA[[TestResult name=verifyUnsucessfulLogin status=SUCCESS method=LoginPageTestClass.verifyUnsucessfulLogin(java.lang.String,java.lang.String)[pri:0, instance:testClasses.LoginPageTestClass@55141def] output={null}]]]>
              </value>
            </param>
          </params>
          <reporter-output>
          </reporter-output>
        </test-method> <!-- afterMethod -->
      </class> <!-- testClasses.LoginPageTestClass -->
    </test> <!-- Test1 -->
  </suite> <!-- ParallelTestingSuite -->
</testng-results>
